0 info it worked if it ends with ok
1 verbose cli [ 'node', '/usr/local/bin/npm', 'install' ]
2 info using npm@1.4.28
3 info using node@v0.10.35
4 error install Couldn't read dependencies
5 error Error: Invalid version: "0.1"
5 error     at Object.module.exports.fixVersionField (/usr/local/lib/node_modules/npm/node_modules/read-package-json/node_modules/normalize-package-data/lib/fixer.js:183:13)
5 error     at /usr/local/lib/node_modules/npm/node_modules/read-package-json/node_modules/normalize-package-data/lib/normalize.js:30:38
5 error     at Array.forEach (native)
5 error     at normalize (/usr/local/lib/node_modules/npm/node_modules/read-package-json/node_modules/normalize-package-data/lib/normalize.js:29:15)
5 error     at final (/usr/local/lib/node_modules/npm/node_modules/read-package-json/read-json.js:342:33)
5 error     at then (/usr/local/lib/node_modules/npm/node_modules/read-package-json/read-json.js:126:33)
5 error     at /usr/local/lib/node_modules/npm/node_modules/read-package-json/read-json.js:266:40
5 error     at evalmachine.<anonymous>:272:14
5 error     at /usr/local/lib/node_modules/npm/node_modules/graceful-fs/graceful-fs.js:102:5
5 error     at Object.oncomplete (evalmachine.<anonymous>:108:15)
6 error If you need help, you may report this *entire* log,
6 error including the npm and node versions, at:
6 error     <http://github.com/npm/npm/issues>
7 error System Darwin 14.5.0
8 error command "node" "/usr/local/bin/npm" "install"
9 error cwd /Users/saddamazad/Copy/htdocs/dev.roninvolleyball.com/wp-content/themes/ronin2015/js/custom/gmapify
10 error node -v v0.10.35
11 error npm -v 1.4.28
12 verbose exit [ 1, true ]
